<?xml version="1.0" encoding="UTF-8"?>
<!-- Generated by org.testng.reporters.JUnitReportReporter -->
<testsuite hostname="DESKTOP-0LUVACA" failures="0" tests="2" name="Runner.TestRunner" time="11.978" errors="0" timestamp="2022-12-08T22:56:26 IST" skipped="0">
  <testcase classname="Runner.TestRunner" name="runScenario" time="2.119"/>
  <system-out/>
  <testcase classname="Runner.TestRunner" name="runScenario" time="9.859"/>
  <system-out/>
</testsuite> <!-- Runner.TestRunner -->
